INFO:     Started server process [16084]
INFO:     Waiting for application startup.
INFO:     Application startup complete.
INFO:     Uvicorn running on http://127.0.0.1:8000 (Press CTRL+C to quit)
{"path": "/health", "method": "GET", "status": 200, "duration_ms": 1, "requestId": "8cc6cd2c-f0f9-43ed-b78f-8630aec9c38a", "sessionId": "e03f810f-0ea4-40b4-8e8c-19a27fd4aa5e", "error_code": null, "exception_type": null}
{"path": "/health", "method": "GET", "status": 200, "duration_ms": 0, "requestId": "fffa7493-8c68-4740-9c69-05633d9f066e", "sessionId": "16fbd86c-5657-47f6-a3f5-b35821ee0aea", "error_code": null, "exception_type": null}
{"path": "/api/auth/login", "method": "POST", "status": 200, "duration_ms": 84, "requestId": "e2e-auth-login", "sessionId": "e2e-smoke-auth", "error_code": null, "exception_type": null}
{"path": "/api/rag/knowledge", "method": "POST", "status": 200, "duration_ms": 9, "requestId": "e2e-knowledge-1", "sessionId": "e2e-smoke-auth", "error_code": null, "exception_type": null}
{"path": "/api/rag/knowledge", "method": "POST", "status": 200, "duration_ms": 7, "requestId": "e2e-knowledge-2", "sessionId": "e2e-smoke-auth", "error_code": null, "exception_type": null}
{"event": "diagnostic_state_transition", "ownerScopeId": "user:1", "resumeId": 0, "from": "*", "to": "analyzing", "reason": "analyze_started"}
{"event": "diagnostic_state_transition", "ownerScopeId": "user:1", "resumeId": 0, "from": "analyzing", "to": "report", "reason": "analyze_finished", "historyId": 41, "requestId": "e2e-analyze-off"}
{"path": "/api/analyze", "method": "POST", "status": 200, "duration_ms": 20, "requestId": "e2e-analyze-off", "sessionId": "e2e-smoke-auth", "error_code": null, "exception_type": null}
{"event": "diagnostic_state_transition", "ownerScopeId": "user:1", "resumeId": 0, "from": "*", "to": "analyzing", "reason": "analyze_started"}
{"event": "diagnostic_state_transition", "ownerScopeId": "user:1", "resumeId": 0, "from": "analyzing", "to": "report", "reason": "analyze_finished", "historyId": 42, "requestId": "e2e-analyze-on"}
{"path": "/api/analyze", "method": "POST", "status": 200, "duration_ms": 18, "requestId": "e2e-analyze-on", "sessionId": "e2e-smoke-auth", "error_code": null, "exception_type": null}
{"path": "/api/history", "method": "GET", "status": 200, "duration_ms": 4, "requestId": "e2e-history-list", "sessionId": "e2e-smoke-auth", "error_code": null, "exception_type": null}
{"path": "/api/history/41", "method": "GET", "status": 200, "duration_ms": 2, "requestId": "e2e-history-detail", "sessionId": "e2e-smoke-auth", "error_code": null, "exception_type": null}
{"path": "/api/history/41/export", "method": "GET", "status": 200, "duration_ms": 2, "requestId": "e2e-history-export", "sessionId": "e2e-smoke-auth", "error_code": null, "exception_type": null}
{"event": "interview_state_transition", "ownerScopeId": "user:1", "sessionId": 26, "from": "created", "to": "active", "degraded": false, "requestId": "e2e-interview-create"}
{"path": "/api/interview/session/create", "method": "POST", "status": 200, "duration_ms": 10, "requestId": "e2e-interview-create", "sessionId": "e2e-smoke-auth", "error_code": null, "exception_type": null}
{"path": "/openapi.json", "method": "GET", "status": 200, "duration_ms": 45, "requestId": "7a63376b-1140-4478-9b59-60454f806e5a", "sessionId": "e2e-smoke-auth", "error_code": null, "exception_type": null}
{"path": "/api/interview/sessions", "method": "GET", "status": 200, "duration_ms": 3, "requestId": "e2e-interview-lifecycle-list", "sessionId": "e2e-smoke-auth", "error_code": null, "exception_type": null}
{"event": "interview_restore", "ownerScopeId": "user:1", "sessionId": 26, "status": "active", "requestId": "e2e-interview-lifecycle-detail"}
{"path": "/api/interview/sessions/26", "method": "GET", "status": 200, "duration_ms": 4, "requestId": "e2e-interview-lifecycle-detail", "sessionId": "e2e-smoke-auth", "error_code": null, "exception_type": null}
{"event": "interview_state_transition", "ownerScopeId": "user:1", "sessionId": 26, "from": "active", "to": "paused", "requestId": "e2e-interview-lifecycle-pause"}
{"path": "/api/interview/session/26/pause", "method": "POST", "status": 200, "duration_ms": 8, "requestId": "e2e-interview-lifecycle-pause", "sessionId": "e2e-smoke-auth", "error_code": null, "exception_type": null}
{"event": "interview_state_transition", "ownerScopeId": "user:1", "sessionId": 26, "from": "paused", "to": "active", "requestId": "e2e-interview-lifecycle-resume"}
{"path": "/api/interview/session/26/resume", "method": "POST", "status": 200, "duration_ms": 9, "requestId": "e2e-interview-lifecycle-resume", "sessionId": "e2e-smoke-auth", "error_code": null, "exception_type": null}
{"path": "/api/interview/session/26/next", "method": "POST", "status": 200, "duration_ms": 2, "requestId": "e2e-interview-next", "sessionId": "e2e-smoke-auth", "error_code": null, "exception_type": null}
{"event": "interview_state_persisted", "ownerScopeId": "user:1", "sessionId": 26, "action": "answer", "from": "active", "to": "active", "currentIndex": 0, "nextIndex": 1, "requestId": "e2e-interview-answer"}
{"path": "/api/interview/session/26/answer", "method": "POST", "status": 200, "duration_ms": 9, "requestId": "e2e-interview-answer", "sessionId": "e2e-smoke-auth", "error_code": null, "exception_type": null}
{"event": "interview_state_transition", "ownerScopeId": "user:1", "sessionId": 26, "from": "active", "to": "finished", "requestId": "e2e-interview-finish"}
{"path": "/api/interview/session/26/finish", "method": "POST", "status": 200, "duration_ms": 8, "requestId": "e2e-interview-finish", "sessionId": "e2e-smoke-auth", "error_code": null, "exception_type": null}
{"event": "resume_content_updated", "ownerScopeId": "user:1", "resumeId": 5, "contentUpdatedAt": "2026-02-26T04:47:17.853Z", "diagnosticStatus": "jd_input", "requestId": "e2e-prd-resume-create"}
{"path": "/api/resumes", "method": "POST", "status": 200, "duration_ms": 15, "requestId": "e2e-prd-resume-create", "sessionId": "e2e-smoke-auth", "error_code": null, "exception_type": null}
{"event": "resume_content_updated", "ownerScopeId": "user:1", "resumeId": 5, "contentUpdatedAt": "2026-02-26T04:47:17.869Z", "diagnosticStatus": "jd_input", "requestId": "e2e-prd-resume-update"}
{"path": "/api/resumes/5", "method": "PUT", "status": 200, "duration_ms": 12, "requestId": "e2e-prd-resume-update", "sessionId": "e2e-smoke-auth", "error_code": null, "exception_type": null}
{"event": "diagnostic_state_transition", "ownerScopeId": "user:1", "resumeId": 5, "from": "*", "to": "analyzing", "reason": "analyze_started"}
{"event": "diagnostic_state_transition", "ownerScopeId": "user:1", "resumeId": 5, "from": "analyzing", "to": "report", "reason": "analyze_finished", "historyId": 43, "requestId": "e2e-prd-analyze-latest-default"}
{"path": "/api/analyze", "method": "POST", "status": 200, "duration_ms": 15, "requestId": "e2e-prd-analyze-latest-default", "sessionId": "e2e-smoke-auth", "error_code": null, "exception_type": null}
{"event": "diagnostic_state_transition", "ownerScopeId": "user:1", "resumeId": 5, "from": "*", "to": "analyzing", "reason": "analyze_started"}
{"event": "diagnostic_state_transition", "ownerScopeId": "user:1", "resumeId": 5, "from": "analyzing", "to": "report", "reason": "analyze_finished", "historyId": 44, "requestId": "e2e-prd-analyze-latest-explicit"}
{"path": "/api/analyze", "method": "POST", "status": 200, "duration_ms": 16, "requestId": "e2e-prd-analyze-latest-explicit", "sessionId": "e2e-smoke-auth", "error_code": null, "exception_type": null}
{"event": "diagnostic_state_transition", "ownerScopeId": "user:1", "resumeId": 5, "from": "*", "to": "analyzing", "reason": "analyze_started"}
{"event": "diagnostic_state_transition", "ownerScopeId": "user:1", "resumeId": 5, "from": "analyzing", "to": "report", "reason": "analyze_finished", "historyId": 45, "requestId": "e2e-prd-analyze-old-version"}
{"path": "/api/analyze", "method": "POST", "status": 200, "duration_ms": 15, "requestId": "e2e-prd-analyze-old-version", "sessionId": "e2e-smoke-auth", "error_code": null, "exception_type": null}
{"path": "/api/history/43", "method": "GET", "status": 200, "duration_ms": 3, "requestId": "e2e-prd-history-latest-default", "sessionId": "e2e-smoke-auth", "error_code": null, "exception_type": null}
{"path": "/api/history/44", "method": "GET", "status": 200, "duration_ms": 2, "requestId": "e2e-prd-history-latest-explicit", "sessionId": "e2e-smoke-auth", "error_code": null, "exception_type": null}
{"path": "/api/history/45", "method": "GET", "status": 200, "duration_ms": 2, "requestId": "e2e-prd-history-old", "sessionId": "e2e-smoke-auth", "error_code": null, "exception_type": null}
{"event": "interview_state_transition", "ownerScopeId": "user:1", "sessionId": 27, "from": "created", "to": "active", "degraded": false, "requestId": "e2e-prd-interview-create-a"}
{"path": "/api/interview/session/create", "method": "POST", "status": 200, "duration_ms": 7, "requestId": "e2e-prd-interview-create-a", "sessionId": "e2e-smoke-auth", "error_code": null, "exception_type": null}
{"event": "interview_state_transition", "ownerScopeId": "user:1", "sessionId": 28, "from": "created", "to": "active", "degraded": false, "requestId": "e2e-prd-interview-create-b"}
{"path": "/api/interview/session/create", "method": "POST", "status": 200, "duration_ms": 8, "requestId": "e2e-prd-interview-create-b", "sessionId": "e2e-smoke-auth", "error_code": null, "exception_type": null}
{"event": "interview_state_persisted", "ownerScopeId": "user:1", "sessionId": 27, "action": "answer", "from": "active", "to": "active", "currentIndex": 0, "nextIndex": 1, "requestId": "e2e-prd-interview-answer-a"}
{"path": "/api/interview/session/27/answer", "method": "POST", "status": 200, "duration_ms": 9, "requestId": "e2e-prd-interview-answer-a", "sessionId": "e2e-smoke-auth", "error_code": null, "exception_type": null}
{"event": "interview_restore", "ownerScopeId": "user:1", "sessionId": 27, "status": "active", "requestId": "e2e-prd-interview-detail-a"}
{"path": "/api/interview/sessions/27", "method": "GET", "status": 200, "duration_ms": 2, "requestId": "e2e-prd-interview-detail-a", "sessionId": "e2e-smoke-auth", "error_code": null, "exception_type": null}
{"event": "interview_restore", "ownerScopeId": "user:1", "sessionId": 28, "status": "active", "requestId": "e2e-prd-interview-detail-b"}
{"path": "/api/interview/sessions/28", "method": "GET", "status": 200, "duration_ms": 3, "requestId": "e2e-prd-interview-detail-b", "sessionId": "e2e-smoke-auth", "error_code": null, "exception_type": null}
{"event": "interview_state_transition", "ownerScopeId": "user:1", "sessionId": 27, "from": "active", "to": "paused", "requestId": "e2e-prd-interview-pause-a"}
{"path": "/api/interview/session/27/pause", "method": "POST", "status": 200, "duration_ms": 8, "requestId": "e2e-prd-interview-pause-a", "sessionId": "e2e-smoke-auth", "error_code": null, "exception_type": null}
{"path": "/api/interview/session/27/answer", "method": "POST", "status": 400, "duration_ms": 2, "requestId": "e2e-prd-interview-paused-answer", "sessionId": "e2e-smoke-auth", "error_code": "BAD_REQUEST", "exception_type": "HTTPException"}
{"path": "/api/interview/sessions", "method": "GET", "status": 200, "duration_ms": 4, "requestId": "e2e-prd-interview-list", "sessionId": "e2e-smoke-auth", "error_code": null, "exception_type": null}
{"event": "interview_restore", "ownerScopeId": "user:1", "sessionId": 27, "status": "paused", "requestId": "e2e-prd-interview-detail-after-pause"}
{"path": "/api/interview/sessions/27", "method": "GET", "status": 200, "duration_ms": 2, "requestId": "e2e-prd-interview-detail-after-pause", "sessionId": "e2e-smoke-auth", "error_code": null, "exception_type": null}
{"event": "interview_state_transition", "ownerScopeId": "user:1", "sessionId": 29, "from": "created", "to": "active", "degraded": false, "requestId": "e2e-prd-interview-jd-only"}
{"path": "/api/interview/session/create", "method": "POST", "status": 200, "duration_ms": 7, "requestId": "e2e-prd-interview-jd-only", "sessionId": "e2e-smoke-auth", "error_code": null, "exception_type": null}
{"path": "/api/resumes", "method": "GET", "status": 200, "duration_ms": 4, "requestId": "e2e-prd-resume-list", "sessionId": "e2e-smoke-auth", "error_code": null, "exception_type": null}
