# frontend build

## STDOUT


> frontend@0.1.0 build
> next build

▲ Next.js 16.1.6 (Turbopack)

  Creating an optimized production build ...
✓ Compiled successfully in 2.0s
  Running TypeScript ...
  Collecting page data using 11 workers ...
  Generating static pages using 11 workers (0/8) ...

## STDERR

⨯ useSearchParams() should be wrapped in a suspense boundary at page "/login". Read more: https://nextjs.org/docs/messages/missing-suspense-with-csr-bailout
    at Q (G:\AI_project\career-hero-mvp-next-fastapi\frontend\.next\server\chunks\ssr\node_modules_next_920e7746._.js:2:2111)
    at o (G:\AI_project\career-hero-mvp-next-fastapi\frontend\.next\server\chunks\ssr\node_modules_next_920e7746._.js:4:5284)
    at i (G:\AI_project\career-hero-mvp-next-fastapi\frontend\.next\server\chunks\ssr\[root-of-the-server]__4d96e15d._.js:1:2317)
    at an (G:\AI_project\career-hero-mvp-next-fastapi\frontend\node_modules\next\dist\compiled\next-server\app-page-turbo.runtime.prod.js:2:84360)
    at ai (G:\AI_project\career-hero-mvp-next-fastapi\frontend\node_modules\next\dist\compiled\next-server\app-page-turbo.runtime.prod.js:2:86179)
    at al (G:\AI_project\career-hero-mvp-next-fastapi\frontend\node_modules\next\dist\compiled\next-server\app-page-turbo.runtime.prod.js:2:107953)
    at as (G:\AI_project\career-hero-mvp-next-fastapi\frontend\node_modules\next\dist\compiled\next-server\app-page-turbo.runtime.prod.js:2:105368)
    at aa (G:\AI_project\career-hero-mvp-next-fastapi\frontend\node_modules\next\dist\compiled\next-server\app-page-turbo.runtime.prod.js:2:84712)
    at ai (G:\AI_project\career-hero-mvp-next-fastapi\frontend\node_modules\next\dist\compiled\next-server\app-page-turbo.runtime.prod.js:2:86228)
    at ai (G:\AI_project\career-hero-mvp-next-fastapi\frontend\node_modules\next\dist\compiled\next-server\app-page-turbo.runtime.prod.js:2:104708)
Error occurred prerendering page "/login". Read more: https://nextjs.org/docs/messages/prerender-error
Export encountered an error on /login/page: /login, exiting the build.
⨯ Next.js build worker exited with code: 1 and signal: null
