INFO:     Started server process [16732]
INFO:     Waiting for application startup.
INFO:     Application startup complete.
INFO:     Uvicorn running on http://127.0.0.1:8000 (Press CTRL+C to quit)
{"path": "/health", "method": "GET", "status": 200, "duration_ms": 1, "requestId": "572057fa-43ef-4b79-9503-703460088819", "sessionId": "e8e4eb3d-74b2-4a78-bc39-cbca101c439d", "error_code": null, "exception_type": null}
{"path": "/health", "method": "GET", "status": 200, "duration_ms": 0, "requestId": "9bb03bbf-e577-407c-9143-21db37e551ab", "sessionId": "d576040b-9d57-435c-9b04-b76314e2bd56", "error_code": null, "exception_type": null}
{"path": "/api/auth/login", "method": "POST", "status": 200, "duration_ms": 85, "requestId": "e2e-auth-login", "sessionId": "e2e-smoke-auth", "error_code": null, "exception_type": null}
{"path": "/api/rag/knowledge", "method": "POST", "status": 200, "duration_ms": 8, "requestId": "e2e-knowledge-1", "sessionId": "e2e-smoke-auth", "error_code": null, "exception_type": null}
{"path": "/api/rag/knowledge", "method": "POST", "status": 200, "duration_ms": 6, "requestId": "e2e-knowledge-2", "sessionId": "e2e-smoke-auth", "error_code": null, "exception_type": null}
{"event": "diagnostic_state_transition", "ownerScopeId": "user:1", "resumeId": 0, "from": "*", "to": "analyzing", "reason": "analyze_started"}
{"event": "diagnostic_state_transition", "ownerScopeId": "user:1", "resumeId": 0, "from": "analyzing", "to": "report", "reason": "analyze_finished", "historyId": 31, "requestId": "e2e-analyze-off"}
{"path": "/api/analyze", "method": "POST", "status": 200, "duration_ms": 19, "requestId": "e2e-analyze-off", "sessionId": "e2e-smoke-auth", "error_code": null, "exception_type": null}
{"event": "diagnostic_state_transition", "ownerScopeId": "user:1", "resumeId": 0, "from": "*", "to": "analyzing", "reason": "analyze_started"}
{"event": "diagnostic_state_transition", "ownerScopeId": "user:1", "resumeId": 0, "from": "analyzing", "to": "report", "reason": "analyze_finished", "historyId": 32, "requestId": "e2e-analyze-on"}
{"path": "/api/analyze", "method": "POST", "status": 200, "duration_ms": 17, "requestId": "e2e-analyze-on", "sessionId": "e2e-smoke-auth", "error_code": null, "exception_type": null}
{"path": "/api/history", "method": "GET", "status": 200, "duration_ms": 4, "requestId": "e2e-history-list", "sessionId": "e2e-smoke-auth", "error_code": null, "exception_type": null}
{"path": "/api/history/31", "method": "GET", "status": 200, "duration_ms": 2, "requestId": "e2e-history-detail", "sessionId": "e2e-smoke-auth", "error_code": null, "exception_type": null}
{"path": "/api/history/31/export", "method": "GET", "status": 200, "duration_ms": 3, "requestId": "e2e-history-export", "sessionId": "e2e-smoke-auth", "error_code": null, "exception_type": null}
{"event": "interview_state_transition", "ownerScopeId": "user:1", "sessionId": 18, "from": "created", "to": "active", "degraded": false, "requestId": "e2e-interview-create"}
{"path": "/api/interview/session/create", "method": "POST", "status": 200, "duration_ms": 10, "requestId": "e2e-interview-create", "sessionId": "e2e-smoke-auth", "error_code": null, "exception_type": null}
{"path": "/openapi.json", "method": "GET", "status": 200, "duration_ms": 44, "requestId": "f003f52c-c1fa-42eb-ae3f-5fffe066050f", "sessionId": "e2e-smoke-auth", "error_code": null, "exception_type": null}
{"path": "/api/interview/sessions", "method": "GET", "status": 200, "duration_ms": 3, "requestId": "e2e-interview-lifecycle-list", "sessionId": "e2e-smoke-auth", "error_code": null, "exception_type": null}
{"event": "interview_restore", "ownerScopeId": "user:1", "sessionId": 18, "status": "active", "requestId": "e2e-interview-lifecycle-detail"}
{"path": "/api/interview/sessions/18", "method": "GET", "status": 200, "duration_ms": 3, "requestId": "e2e-interview-lifecycle-detail", "sessionId": "e2e-smoke-auth", "error_code": null, "exception_type": null}
{"event": "interview_state_transition", "ownerScopeId": "user:1", "sessionId": 18, "from": "active", "to": "paused", "requestId": "e2e-interview-lifecycle-pause"}
{"path": "/api/interview/session/18/pause", "method": "POST", "status": 200, "duration_ms": 9, "requestId": "e2e-interview-lifecycle-pause", "sessionId": "e2e-smoke-auth", "error_code": null, "exception_type": null}
{"event": "interview_state_transition", "ownerScopeId": "user:1", "sessionId": 18, "from": "paused", "to": "active", "requestId": "e2e-interview-lifecycle-resume"}
{"path": "/api/interview/session/18/resume", "method": "POST", "status": 200, "duration_ms": 9, "requestId": "e2e-interview-lifecycle-resume", "sessionId": "e2e-smoke-auth", "error_code": null, "exception_type": null}
{"path": "/api/interview/session/18/next", "method": "POST", "status": 200, "duration_ms": 2, "requestId": "e2e-interview-next", "sessionId": "e2e-smoke-auth", "error_code": null, "exception_type": null}
{"event": "interview_state_persisted", "ownerScopeId": "user:1", "sessionId": 18, "action": "answer", "from": "active", "to": "active", "currentIndex": 0, "nextIndex": 1, "requestId": "e2e-interview-answer"}
{"path": "/api/interview/session/18/answer", "method": "POST", "status": 200, "duration_ms": 9, "requestId": "e2e-interview-answer", "sessionId": "e2e-smoke-auth", "error_code": null, "exception_type": null}
{"event": "interview_state_transition", "ownerScopeId": "user:1", "sessionId": 18, "from": "active", "to": "finished", "requestId": "e2e-interview-finish"}
{"path": "/api/interview/session/18/finish", "method": "POST", "status": 200, "duration_ms": 8, "requestId": "e2e-interview-finish", "sessionId": "e2e-smoke-auth", "error_code": null, "exception_type": null}
{"event": "resume_content_updated", "ownerScopeId": "user:1", "resumeId": 3, "contentUpdatedAt": "2026-02-25T16:55:15.508Z", "diagnosticStatus": "jd_input", "requestId": "e2e-prd-resume-create"}
{"path": "/api/resumes", "method": "POST", "status": 200, "duration_ms": 16, "requestId": "e2e-prd-resume-create", "sessionId": "e2e-smoke-auth", "error_code": null, "exception_type": null}
{"event": "resume_content_updated", "ownerScopeId": "user:1", "resumeId": 3, "contentUpdatedAt": "2026-02-25T16:55:15.525Z", "diagnosticStatus": "jd_input", "requestId": "e2e-prd-resume-update"}
{"path": "/api/resumes/3", "method": "PUT", "status": 200, "duration_ms": 12, "requestId": "e2e-prd-resume-update", "sessionId": "e2e-smoke-auth", "error_code": null, "exception_type": null}
{"event": "diagnostic_state_transition", "ownerScopeId": "user:1", "resumeId": 3, "from": "*", "to": "analyzing", "reason": "analyze_started"}
{"event": "diagnostic_state_transition", "ownerScopeId": "user:1", "resumeId": 3, "from": "analyzing", "to": "report", "reason": "analyze_finished", "historyId": 33, "requestId": "e2e-prd-analyze-latest-default"}
{"path": "/api/analyze", "method": "POST", "status": 200, "duration_ms": 15, "requestId": "e2e-prd-analyze-latest-default", "sessionId": "e2e-smoke-auth", "error_code": null, "exception_type": null}
{"event": "diagnostic_state_transition", "ownerScopeId": "user:1", "resumeId": 3, "from": "*", "to": "analyzing", "reason": "analyze_started"}
{"event": "diagnostic_state_transition", "ownerScopeId": "user:1", "resumeId": 3, "from": "analyzing", "to": "report", "reason": "analyze_finished", "historyId": 34, "requestId": "e2e-prd-analyze-latest-explicit"}
{"path": "/api/analyze", "method": "POST", "status": 200, "duration_ms": 17, "requestId": "e2e-prd-analyze-latest-explicit", "sessionId": "e2e-smoke-auth", "error_code": null, "exception_type": null}
{"event": "diagnostic_state_transition", "ownerScopeId": "user:1", "resumeId": 3, "from": "*", "to": "analyzing", "reason": "analyze_started"}
{"event": "diagnostic_state_transition", "ownerScopeId": "user:1", "resumeId": 3, "from": "analyzing", "to": "report", "reason": "analyze_finished", "historyId": 35, "requestId": "e2e-prd-analyze-old-version"}
{"path": "/api/analyze", "method": "POST", "status": 200, "duration_ms": 15, "requestId": "e2e-prd-analyze-old-version", "sessionId": "e2e-smoke-auth", "error_code": null, "exception_type": null}
{"path": "/api/history/33", "method": "GET", "status": 200, "duration_ms": 3, "requestId": "e2e-prd-history-latest-default", "sessionId": "e2e-smoke-auth", "error_code": null, "exception_type": null}
{"path": "/api/history/34", "method": "GET", "status": 200, "duration_ms": 2, "requestId": "e2e-prd-history-latest-explicit", "sessionId": "e2e-smoke-auth", "error_code": null, "exception_type": null}
{"path": "/api/history/35", "method": "GET", "status": 200, "duration_ms": 2, "requestId": "e2e-prd-history-old", "sessionId": "e2e-smoke-auth", "error_code": null, "exception_type": null}
{"event": "interview_state_transition", "ownerScopeId": "user:1", "sessionId": 19, "from": "created", "to": "active", "degraded": false, "requestId": "e2e-prd-interview-create-a"}
{"path": "/api/interview/session/create", "method": "POST", "status": 200, "duration_ms": 7, "requestId": "e2e-prd-interview-create-a", "sessionId": "e2e-smoke-auth", "error_code": null, "exception_type": null}
{"event": "interview_state_transition", "ownerScopeId": "user:1", "sessionId": 20, "from": "created", "to": "active", "degraded": false, "requestId": "e2e-prd-interview-create-b"}
{"path": "/api/interview/session/create", "method": "POST", "status": 200, "duration_ms": 8, "requestId": "e2e-prd-interview-create-b", "sessionId": "e2e-smoke-auth", "error_code": null, "exception_type": null}
{"event": "interview_state_persisted", "ownerScopeId": "user:1", "sessionId": 19, "action": "answer", "from": "active", "to": "active", "currentIndex": 0, "nextIndex": 1, "requestId": "e2e-prd-interview-answer-a"}
{"path": "/api/interview/session/19/answer", "method": "POST", "status": 200, "duration_ms": 8, "requestId": "e2e-prd-interview-answer-a", "sessionId": "e2e-smoke-auth", "error_code": null, "exception_type": null}
{"event": "interview_restore", "ownerScopeId": "user:1", "sessionId": 19, "status": "active", "requestId": "e2e-prd-interview-detail-a"}
{"path": "/api/interview/sessions/19", "method": "GET", "status": 200, "duration_ms": 3, "requestId": "e2e-prd-interview-detail-a", "sessionId": "e2e-smoke-auth", "error_code": null, "exception_type": null}
{"event": "interview_restore", "ownerScopeId": "user:1", "sessionId": 20, "status": "active", "requestId": "e2e-prd-interview-detail-b"}
{"path": "/api/interview/sessions/20", "method": "GET", "status": 200, "duration_ms": 3, "requestId": "e2e-prd-interview-detail-b", "sessionId": "e2e-smoke-auth", "error_code": null, "exception_type": null}
{"event": "interview_state_transition", "ownerScopeId": "user:1", "sessionId": 19, "from": "active", "to": "paused", "requestId": "e2e-prd-interview-pause-a"}
{"path": "/api/interview/session/19/pause", "method": "POST", "status": 200, "duration_ms": 9, "requestId": "e2e-prd-interview-pause-a", "sessionId": "e2e-smoke-auth", "error_code": null, "exception_type": null}
{"path": "/api/interview/session/19/answer", "method": "POST", "status": 400, "duration_ms": 2, "requestId": "e2e-prd-interview-paused-answer", "sessionId": "e2e-smoke-auth", "error_code": "BAD_REQUEST", "exception_type": "HTTPException"}
{"path": "/api/interview/sessions", "method": "GET", "status": 200, "duration_ms": 4, "requestId": "e2e-prd-interview-list", "sessionId": "e2e-smoke-auth", "error_code": null, "exception_type": null}
{"event": "interview_restore", "ownerScopeId": "user:1", "sessionId": 19, "status": "paused", "requestId": "e2e-prd-interview-detail-after-pause"}
{"path": "/api/interview/sessions/19", "method": "GET", "status": 200, "duration_ms": 2, "requestId": "e2e-prd-interview-detail-after-pause", "sessionId": "e2e-smoke-auth", "error_code": null, "exception_type": null}
{"event": "interview_state_transition", "ownerScopeId": "user:1", "sessionId": 21, "from": "created", "to": "active", "degraded": false, "requestId": "e2e-prd-interview-jd-only"}
{"path": "/api/interview/session/create", "method": "POST", "status": 200, "duration_ms": 7, "requestId": "e2e-prd-interview-jd-only", "sessionId": "e2e-smoke-auth", "error_code": null, "exception_type": null}
{"path": "/api/resumes", "method": "GET", "status": 200, "duration_ms": 4, "requestId": "e2e-prd-resume-list", "sessionId": "e2e-smoke-auth", "error_code": null, "exception_type": null}
