INFO:     Started server process [13604]
INFO:     Waiting for application startup.
INFO:     Application startup complete.
INFO:     Uvicorn running on http://127.0.0.1:8000 (Press CTRL+C to quit)
{"path": "/health", "method": "GET", "status": 200, "duration_ms": 1, "requestId": "8680135b-1a88-48e2-aeed-dc9e16e82b8c", "sessionId": "9e751738-1890-444d-8bfa-97cf565b8ba8", "error_code": null, "exception_type": null}
{"path": "/health", "method": "GET", "status": 200, "duration_ms": 0, "requestId": "c7740106-2361-4ec7-98dc-f68eb4f8ab74", "sessionId": "9ad65457-4ff7-45d1-ac91-880b0395ce92", "error_code": null, "exception_type": null}
{"path": "/api/auth/login", "method": "POST", "status": 200, "duration_ms": 86, "requestId": "e2e-auth-login", "sessionId": "e2e-smoke-auth", "error_code": null, "exception_type": null}
{"path": "/api/rag/knowledge", "method": "POST", "status": 200, "duration_ms": 8, "requestId": "e2e-knowledge-1", "sessionId": "e2e-smoke-auth", "error_code": null, "exception_type": null}
{"path": "/api/rag/knowledge", "method": "POST", "status": 200, "duration_ms": 6, "requestId": "e2e-knowledge-2", "sessionId": "e2e-smoke-auth", "error_code": null, "exception_type": null}
{"event": "diagnostic_state_transition", "ownerScopeId": "user:1", "resumeId": 0, "from": "*", "to": "analyzing", "reason": "analyze_started"}
{"event": "diagnostic_state_transition", "ownerScopeId": "user:1", "resumeId": 0, "from": "analyzing", "to": "report", "reason": "analyze_finished", "historyId": 21, "requestId": "e2e-analyze-off"}
{"path": "/api/analyze", "method": "POST", "status": 200, "duration_ms": 26, "requestId": "e2e-analyze-off", "sessionId": "e2e-smoke-auth", "error_code": null, "exception_type": null}
{"event": "diagnostic_state_transition", "ownerScopeId": "user:1", "resumeId": 0, "from": "*", "to": "analyzing", "reason": "analyze_started"}
{"event": "diagnostic_state_transition", "ownerScopeId": "user:1", "resumeId": 0, "from": "analyzing", "to": "report", "reason": "analyze_finished", "historyId": 22, "requestId": "e2e-analyze-on"}
{"path": "/api/analyze", "method": "POST", "status": 200, "duration_ms": 17, "requestId": "e2e-analyze-on", "sessionId": "e2e-smoke-auth", "error_code": null, "exception_type": null}
{"path": "/api/history", "method": "GET", "status": 200, "duration_ms": 4, "requestId": "e2e-history-list", "sessionId": "e2e-smoke-auth", "error_code": null, "exception_type": null}
{"path": "/api/history/21", "method": "GET", "status": 200, "duration_ms": 3, "requestId": "e2e-history-detail", "sessionId": "e2e-smoke-auth", "error_code": null, "exception_type": null}
{"path": "/api/history/21/export", "method": "GET", "status": 200, "duration_ms": 4, "requestId": "e2e-history-export", "sessionId": "e2e-smoke-auth", "error_code": null, "exception_type": null}
{"event": "interview_state_transition", "ownerScopeId": "user:1", "sessionId": 10, "from": "created", "to": "active", "degraded": false, "requestId": "e2e-interview-create"}
{"path": "/api/interview/session/create", "method": "POST", "status": 200, "duration_ms": 12, "requestId": "e2e-interview-create", "sessionId": "e2e-smoke-auth", "error_code": null, "exception_type": null}
{"path": "/openapi.json", "method": "GET", "status": 200, "duration_ms": 50, "requestId": "f047ab8f-b8e0-4944-afc5-21599d18fcbf", "sessionId": "e2e-smoke-auth", "error_code": null, "exception_type": null}
{"path": "/api/interview/sessions", "method": "GET", "status": 200, "duration_ms": 4, "requestId": "e2e-interview-lifecycle-list", "sessionId": "e2e-smoke-auth", "error_code": null, "exception_type": null}
{"event": "interview_restore", "ownerScopeId": "user:1", "sessionId": 10, "status": "active", "requestId": "e2e-interview-lifecycle-detail"}
{"path": "/api/interview/sessions/10", "method": "GET", "status": 200, "duration_ms": 4, "requestId": "e2e-interview-lifecycle-detail", "sessionId": "e2e-smoke-auth", "error_code": null, "exception_type": null}
{"event": "interview_state_transition", "ownerScopeId": "user:1", "sessionId": 10, "from": "active", "to": "paused", "requestId": "e2e-interview-lifecycle-pause"}
{"path": "/api/interview/session/10/pause", "method": "POST", "status": 200, "duration_ms": 8, "requestId": "e2e-interview-lifecycle-pause", "sessionId": "e2e-smoke-auth", "error_code": null, "exception_type": null}
{"event": "interview_state_transition", "ownerScopeId": "user:1", "sessionId": 10, "from": "paused", "to": "active", "requestId": "e2e-interview-lifecycle-resume"}
{"path": "/api/interview/session/10/resume", "method": "POST", "status": 200, "duration_ms": 9, "requestId": "e2e-interview-lifecycle-resume", "sessionId": "e2e-smoke-auth", "error_code": null, "exception_type": null}
{"path": "/api/interview/session/10/next", "method": "POST", "status": 200, "duration_ms": 2, "requestId": "e2e-interview-next", "sessionId": "e2e-smoke-auth", "error_code": null, "exception_type": null}
{"event": "interview_state_persisted", "ownerScopeId": "user:1", "sessionId": 10, "action": "answer", "from": "active", "to": "active", "currentIndex": 0, "nextIndex": 1, "requestId": "e2e-interview-answer"}
{"path": "/api/interview/session/10/answer", "method": "POST", "status": 200, "duration_ms": 9, "requestId": "e2e-interview-answer", "sessionId": "e2e-smoke-auth", "error_code": null, "exception_type": null}
{"event": "interview_state_transition", "ownerScopeId": "user:1", "sessionId": 10, "from": "active", "to": "finished", "requestId": "e2e-interview-finish"}
{"path": "/api/interview/session/10/finish", "method": "POST", "status": 200, "duration_ms": 9, "requestId": "e2e-interview-finish", "sessionId": "e2e-smoke-auth", "error_code": null, "exception_type": null}
{"event": "resume_content_updated", "ownerScopeId": "user:1", "resumeId": 1, "contentUpdatedAt": "2026-02-25T16:52:48.159Z", "diagnosticStatus": "jd_input", "requestId": "e2e-prd-resume-create"}
{"path": "/api/resumes", "method": "POST", "status": 200, "duration_ms": 21, "requestId": "e2e-prd-resume-create", "sessionId": "e2e-smoke-auth", "error_code": null, "exception_type": null}
{"event": "resume_content_updated", "ownerScopeId": "user:1", "resumeId": 1, "contentUpdatedAt": "2026-02-25T16:52:48.177Z", "diagnosticStatus": "jd_input", "requestId": "e2e-prd-resume-update"}
{"path": "/api/resumes/1", "method": "PUT", "status": 200, "duration_ms": 12, "requestId": "e2e-prd-resume-update", "sessionId": "e2e-smoke-auth", "error_code": null, "exception_type": null}
{"event": "diagnostic_state_transition", "ownerScopeId": "user:1", "resumeId": 1, "from": "*", "to": "analyzing", "reason": "analyze_started"}
{"event": "diagnostic_state_transition", "ownerScopeId": "user:1", "resumeId": 1, "from": "analyzing", "to": "report", "reason": "analyze_finished", "historyId": 23, "requestId": "e2e-prd-analyze-latest-default"}
{"path": "/api/analyze", "method": "POST", "status": 200, "duration_ms": 16, "requestId": "e2e-prd-analyze-latest-default", "sessionId": "e2e-smoke-auth", "error_code": null, "exception_type": null}
{"event": "diagnostic_state_transition", "ownerScopeId": "user:1", "resumeId": 1, "from": "*", "to": "analyzing", "reason": "analyze_started"}
{"event": "diagnostic_state_transition", "ownerScopeId": "user:1", "resumeId": 1, "from": "analyzing", "to": "report", "reason": "analyze_finished", "historyId": 24, "requestId": "e2e-prd-analyze-latest-explicit"}
{"path": "/api/analyze", "method": "POST", "status": 200, "duration_ms": 19, "requestId": "e2e-prd-analyze-latest-explicit", "sessionId": "e2e-smoke-auth", "error_code": null, "exception_type": null}
{"event": "diagnostic_state_transition", "ownerScopeId": "user:1", "resumeId": 1, "from": "*", "to": "analyzing", "reason": "analyze_started"}
{"event": "diagnostic_state_transition", "ownerScopeId": "user:1", "resumeId": 1, "from": "analyzing", "to": "report", "reason": "analyze_finished", "historyId": 25, "requestId": "e2e-prd-analyze-old-version"}
{"path": "/api/analyze", "method": "POST", "status": 200, "duration_ms": 17, "requestId": "e2e-prd-analyze-old-version", "sessionId": "e2e-smoke-auth", "error_code": null, "exception_type": null}
{"path": "/api/history/23", "method": "GET", "status": 200, "duration_ms": 3, "requestId": "e2e-prd-history-latest-default", "sessionId": "e2e-smoke-auth", "error_code": null, "exception_type": null}
{"path": "/api/history/24", "method": "GET", "status": 200, "duration_ms": 3, "requestId": "e2e-prd-history-latest-explicit", "sessionId": "e2e-smoke-auth", "error_code": null, "exception_type": null}
{"path": "/api/history/25", "method": "GET", "status": 200, "duration_ms": 2, "requestId": "e2e-prd-history-old", "sessionId": "e2e-smoke-auth", "error_code": null, "exception_type": null}
{"event": "interview_state_transition", "ownerScopeId": "user:1", "sessionId": 11, "from": "created", "to": "active", "degraded": false, "requestId": "e2e-prd-interview-create-a"}
{"path": "/api/interview/session/create", "method": "POST", "status": 200, "duration_ms": 8, "requestId": "e2e-prd-interview-create-a", "sessionId": "e2e-smoke-auth", "error_code": null, "exception_type": null}
{"event": "interview_state_transition", "ownerScopeId": "user:1", "sessionId": 12, "from": "created", "to": "active", "degraded": false, "requestId": "e2e-prd-interview-create-b"}
{"path": "/api/interview/session/create", "method": "POST", "status": 200, "duration_ms": 8, "requestId": "e2e-prd-interview-create-b", "sessionId": "e2e-smoke-auth", "error_code": null, "exception_type": null}
{"event": "interview_state_persisted", "ownerScopeId": "user:1", "sessionId": 11, "action": "answer", "from": "active", "to": "active", "currentIndex": 0, "nextIndex": 1, "requestId": "e2e-prd-interview-answer-a"}
{"path": "/api/interview/session/11/answer", "method": "POST", "status": 200, "duration_ms": 10, "requestId": "e2e-prd-interview-answer-a", "sessionId": "e2e-smoke-auth", "error_code": null, "exception_type": null}
{"event": "interview_restore", "ownerScopeId": "user:1", "sessionId": 11, "status": "active", "requestId": "e2e-prd-interview-detail-a"}
{"path": "/api/interview/sessions/11", "method": "GET", "status": 200, "duration_ms": 3, "requestId": "e2e-prd-interview-detail-a", "sessionId": "e2e-smoke-auth", "error_code": null, "exception_type": null}
{"event": "interview_restore", "ownerScopeId": "user:1", "sessionId": 12, "status": "active", "requestId": "e2e-prd-interview-detail-b"}
{"path": "/api/interview/sessions/12", "method": "GET", "status": 200, "duration_ms": 3, "requestId": "e2e-prd-interview-detail-b", "sessionId": "e2e-smoke-auth", "error_code": null, "exception_type": null}
{"event": "interview_state_transition", "ownerScopeId": "user:1", "sessionId": 11, "from": "active", "to": "paused", "requestId": "e2e-prd-interview-pause-a"}
{"path": "/api/interview/session/11/pause", "method": "POST", "status": 200, "duration_ms": 11, "requestId": "e2e-prd-interview-pause-a", "sessionId": "e2e-smoke-auth", "error_code": null, "exception_type": null}
{"path": "/api/interview/session/11/answer", "method": "POST", "status": 400, "duration_ms": 2, "requestId": "e2e-prd-interview-paused-answer", "sessionId": "e2e-smoke-auth", "error_code": "BAD_REQUEST", "exception_type": "HTTPException"}
{"path": "/api/interview/sessions", "method": "GET", "status": 200, "duration_ms": 5, "requestId": "e2e-prd-interview-list", "sessionId": "e2e-smoke-auth", "error_code": null, "exception_type": null}
{"event": "interview_restore", "ownerScopeId": "user:1", "sessionId": 11, "status": "paused", "requestId": "e2e-prd-interview-detail-after-pause"}
{"path": "/api/interview/sessions/11", "method": "GET", "status": 200, "duration_ms": 2, "requestId": "e2e-prd-interview-detail-after-pause", "sessionId": "e2e-smoke-auth", "error_code": null, "exception_type": null}
{"event": "interview_state_transition", "ownerScopeId": "user:1", "sessionId": 13, "from": "created", "to": "active", "degraded": false, "requestId": "e2e-prd-interview-jd-only"}
{"path": "/api/interview/session/create", "method": "POST", "status": 200, "duration_ms": 8, "requestId": "e2e-prd-interview-jd-only", "sessionId": "e2e-smoke-auth", "error_code": null, "exception_type": null}
{"path": "/api/resumes", "method": "GET", "status": 200, "duration_ms": 4, "requestId": "e2e-prd-resume-list", "sessionId": "e2e-smoke-auth", "error_code": null, "exception_type": null}
